ALG:
ALG: produced logical network: 
mm_srlg_cycle: cycle:
mm_srlg_cycle: produced logical network: 
ALG:
ALG: produced logical network: 
ALG:
ALG: produced logical network: 
mm_srlg_arb: produced logical network: 
mm_srlg_cycle: cycle:
mm_srlg_cycle: produced logical network: 
mm_srlg_cycle: cycle:
mm_srlg_cycle: produced logical network: 
ALG:
ALG: produced logical network: 
mm_srlg_cycle: cycle:
mm_srlg_cycle: produced logical network: 
mm_srlg_cycle: cycle:
mm_srlg_cycle: produced logical network: 
ALG:
ALG: produced logical network: 
ALG:
ALG: produced logical network: 
mm_srlg_arb: produced logical network: 
ALG:
ALG: produced logical network: 
mm_srlg_cycle: cycle:
mm_srlg_cycle: produced logical network: 
ALG:
ALG: produced logical network: 
ALG:
ALG: produced logical network: 
mm_srlg_arb: produced logical network: 
mm_srlg_cycle: cycle:
mm_srlg_cycle: produced logical network: 
